<?xml version="1.0" encoding="UTF-8"?>
<beans xmlns:xsi="http://www.w3.org/2001/XMLSchema-instance"
       xmlns="http://www.springframework.org/schema/beans"
       xsi:schemaLocation="http://www.springframework.org/schema/beans
       http://www.springframework.org/schema/beans/spring-beans.xsd">

    <import resource="classpath*:test-spring-jpa-config.xml"/>

    <bean class="org.springframework.beans.factory.config.PropertyPlaceholderConfigurer">
        <property name="locations">
            <list>
               <value>classpath:database.properties</value>
                <value>classpath:dao.properties</value>
                <value>classpath:service.properties</value>
            </list>
        </property>
        <property name="ignoreUnresolvablePlaceholders" value="true"/>
    </bean>

    <bean id="carTransactions" class="com.epam.brest.course2015.transactions.CarTransactionsImpl">
        <property name="carDao" ref="carDao"/>
    </bean>

    <bean id="producerTransactions" class="com.epam.brest.course2015.transactions.ProducerTransactionsImpl">
        <property name="producerDao" ref="producerDao"/>
    </bean>
</beans>