<?xml version="1.0" encoding="UTF-8"?>
<beans xmlns="http://www.springframework.org/schema/beans"
       xmlns:xsi="http://www.w3.org/2001/XMLSchema-instance"
       xmlns:context="http://www.springframework.org/schema/context"
       xmlns:aop="http://www.springframework.org/schema/aop"
       xsi:schemaLocation="http://www.springframework.org/schema/beans
       http://www.springframework.org/schema/beans/spring-beans.xsd
       http://www.springframework.org/schema/context
       http://www.springframework.org/schema/context/spring-context.xsd
       http://www.springframework.org/schema/aop
       http://www.springframework.org/schema/aop/spring-aop.xsd">

       <bean id="carService" class="org.easymock.EasyMock" factory-method="createMock">
              <constructor-arg value="com.epam.brest.course2015.service.CarService"/>
       </bean>

       <!--<bean id="carWebController" class="com.epam.brest.course2015.web.CarWebController"/>-->

       <bean id="restTemplate" class="org.springframework.web.client.RestTemplate"/>

       <context:component-scan base-package="com.epam.brest.course2015.web"/>

       <aop:aspectj-autoproxy/>

       <bean id="myLogger" class="com.epam.brest.course2015.test.MyLogger"/>
</beans>