<?xml version="1.0" encoding="UTF-8"?>
<beans xmlns="http://www.springframework.org/schema/beans"
       xmlns:xsi="http://www.w3.org/2001/XMLSchema-instance"
       xsi:schemaLocation="http://www.springframework.org/schema/beans
       http://www.springframework.org/schema/beans/spring-beans.xsd">

       <bean id="carSoapConsumer"
             class="com.epam.brest.course2015.consumer.CarSoapConsumer">
              <property name="webServiceTemplate" ref="webServiceTemplate"/>
       </bean>

       <bean id="messageFactory" class="org.springframework.ws.soap.saaj.SaajSoapMessageFactory"/>

       <bean id="messageSender" class="org.springframework.ws.transport.http.HttpUrlConnectionMessageSender"/>

       <bean id="webServiceTemplate" class="org.springframework.ws.client.core.WebServiceTemplate">
              <constructor-arg ref="messageFactory"/>
              <property name="defaultUri"
                        value="http://localhost:8080/soap-service-provider-1.0-SNAPSHOT/services"/>
              <property name="messageSender" ref="messageSender"/>
              <property name="marshaller" ref="marshaller"/>
              <property name="unmarshaller" ref="unmarshaller"/>
       </bean>

       <bean id="marshaller" class="org.springframework.oxm.xstream.XStreamMarshaller">
              <property name="aliases">
                     <props>
                            <prop key="GetCarByIdRequest">com.epam.brest.course2015.soap.GetCarByIdRequest</prop>
                     </props>
              </property>
       </bean>

       <bean id="unmarshaller" class="org.springframework.oxm.jaxb.Jaxb2Marshaller">
              <property name="classesToBeBound">
                     <list>
                            <value>com.epam.brest.course2015.soap.GetCarByIdResponse</value>
                     </list>
              </property>
              <property name="schema" value="classpath:Operations.xsd"/>
       </bean>

       <!--<bean id="jaxb2Marshaller" class="org.springframework.oxm.jaxb.Jaxb2Marshaller">
              <property name="mapp"
       </bean>-->

</beans>