<?xml version="1.0" encoding="UTF-8"?>
<beans xmlns="http://www.springframework.org/schema/beans"
       xmlns:xsi="http://www.w3.org/2001/XMLSchema-instance"
       xmlns:jdbc="http://www.springframework.org/schema/jdbc" xmlns:aop="http://www.springframework.org/schema/aop"
       xsi:schemaLocation="http://www.springframework.org/schema/beans
       http://www.springframework.org/schema/beans/spring-beans.xsd
       http://www.springframework.org/schema/jdbc
       http://www.springframework.org/schema/jdbc/spring-jdbc.xsd http://www.springframework.org/schema/aop http://www.springframework.org/schema/aop/spring-aop.xsd">

       <bean class="org.springframework.beans.factory.config.PropertyPlaceholderConfigurer">
              <property name="locations">
                     <list>
                            <value>classpath:database.properties</value>
                            <value>classpath:jpa.properties</value>
                     </list>
              </property>
       </bean>

       <bean id="dataSource" class="org.springframework.jdbc.datasource.DriverManagerDataSource">
              <property name="driverClassName" value="${jdbc.driverClassName}"/>
              <property name="url" value="${jdbc.url}"/>
              <property name="username" value="${jdbc.username}"/>
              <property name="password" value="${jdbc.password}"/>
       </bean>

       <!--
       <jdbc:initialize-database data-source="dataSource">
              <jdbc:script location="classpath:create-tables.sql"/>
              <jdbc:script location="classpath:data-script.sql"/>
       </jdbc:initialize-database>-->

       <bean id="jpaVendorAdapter" class="org.springframework.orm.jpa.vendor.HibernateJpaVendorAdapter">
              <property name="database" value="HSQL"/>
              <property name="databasePlatform" value="org.hibernate.dialect.HSQLDialect"/>
              <property name="generateDdl" value="false"/>
              <property name="showSql" value="true"/>
       </bean>

       <bean id="entityManagerFactory" 
             class="org.springframework.orm.jpa.LocalContainerEntityManagerFactoryBean">
              <property name="dataSource" ref="dataSource"/>
              <property name="jpaVendorAdapter" ref="jpaVendorAdapter"/>
              <property name="persistenceUnitName" value="car"/>
       </bean>

       <bean id="carDao" class="com.epam.brest.course2015.dao.jpa.CarJpaDao"/>

       <bean class="org.springframework.orm.jpa.support.PersistenceAnnotationBeanPostProcessor"/>

       <bean class="org.springframework.dao.annotation.PersistenceExceptionTranslationPostProcessor"/>

       <bean id="transactionManagerUser" class="org.springframework.orm.jpa.JpaTransactionManager">
              <property name="entityManagerFactory" ref="entityManagerFactory" />
       </bean>

       <aop:aspectj-autoproxy/>

       <bean id="myLogger" class="com.epam.brest.course2015.test.MyLogger"/>

       <!--Liquid Lib-->
       <bean id="liquibase" class="liquibase.integration.spring.SpringLiquibase">
              <property name="dataSource" ref="dataSource" />
              <property name="changeLog" value="classpath:db-changelog.xml" />
              <!--
              contexts specifies the runtime contexts to use.
              -->
              <property name="contexts" value="test, production" />
       </bean>
</beans>